<?xml version="1.0" encoding="UTF-8"?>
<!-- Generated by org.testng.reporters.JUnitReportReporter -->
<testsuite hostname="del1-lhp-n77299" failures="0" tests="1" name="com.restAssured.demo.restAssuredAllure.RestAllureTest" time="4.514" errors="0" timestamp="17 Feb 2022 13:52:25 GMT" skipped="0">
  <testcase classname="com.restAssured.demo.restAssuredAllure.RestAllureTest" name="verifyUser" time="4.514"/>
</testsuite> <!-- com.restAssured.demo.restAssuredAllure.RestAllureTest -->
